<?xml version="1.0" encoding="UTF-8"?>
<!-- Generated by org.testng.reporters.JUnitReportReporter -->
<testsuite skipped="0" hostname="TL1086" name="testcases.TC_001_LoginTC" tests="2" failures="0" timestamp="2024-03-24T15:09:11 IST" time="28.894" errors="0">
  <testcase name="runLogin" time="13.335" classname="testcases.TC_001_LoginTC"/>
  <system-out/>
  <testcase name="runLogin" time="15.559" classname="testcases.TC_001_LoginTC"/>
  <system-out/>
</testsuite> <!-- testcases.TC_001_LoginTC -->
