<?xml version="1.0" encoding="UTF-8"?>
<!-- Generated by org.testng.reporters.JUnitReportReporter -->
<testsuite skipped="0" hostname="TL1086" name="runner.TC_001_Login" tests="1" failures="0" timestamp="2024-03-23T16:24:34 IST" time="17.796" errors="0">
  <testcase name="login" time="17.796" classname="runner.TC_001_Login"/>
  <system-out/>
</testsuite> <!-- runner.TC_001_Login -->
