<?xml version="1.0" encoding="UTF-8"?>
<!-- Generated by org.testng.reporters.JUnitReportReporter -->
<testsuite skipped="0" hostname="TL1086" name="com.salesforce.testcases.TC_001_LoginTC" tests="1" failures="0" timestamp="2024-03-24T19:01:42 IST" time="34.888" errors="0">
  <testcase name="runLogin" time="34.888" classname="com.salesforce.testcases.TC_001_LoginTC"/>
  <system-out/>
</testsuite> <!-- com.salesforce.testcases.TC_001_LoginTC -->
