<?xml version="1.0" encoding="UTF-8"?>
<!-- Generated by org.testng.reporters.JUnitReportReporter -->
<testsuite skipped="0" hostname="TL1086" name="testcases.TC_001_LoginTC" tests="1" failures="0" timestamp="2024-03-23T18:47:41 IST" time="23.105" errors="0">
  <testcase name="runLogin" time="23.105" classname="testcases.TC_001_LoginTC"/>
  <system-out/>
</testsuite> <!-- testcases.TC_001_LoginTC -->
