<?xml version="1.0" encoding="UTF-8"?>
<!-- Generated by org.testng.reporters.JUnitReportReporter -->
<testsuite skipped="0" hostname="TL1086" name="testcases.TC_002_CreateLeadTC" tests="1" failures="0" timestamp="2024-03-23T18:47:41 IST" time="26.873" errors="0">
  <testcase name="runCreateLead" time="26.873" classname="testcases.TC_002_CreateLeadTC"/>
  <system-out/>
</testsuite> <!-- testcases.TC_002_CreateLeadTC -->
